mar 24, 2020 3:17:30 AM server.ServerEngine receiveAction
INFORMACIÓN: STRT 3
mar 24, 2020 3:17:30 AM server.ServerEngine sendAction
INFORMACIÓN: CASH 10
mar 24, 2020 3:17:38 AM server.ServerEngine receiveAction
INFORMACIÓN: BETT
mar 24, 2020 3:17:38 AM server.ServerEngine sendAction
INFORMACIÓN: LOOT 2
mar 24, 2020 3:17:38 AM server.ServerEngine sendAction
INFORMACIÓN: PLAY 0
mar 24, 2020 3:17:38 AM server.ServerEngine sendAction
INFORMACIÓN: DICE 3[1, 6, 4, 1, 5]
mar 24, 2020 3:18:08 AM server.ServerEngine receiveAction
INFORMACIÓN: PASS 3
mar 24, 2020 3:18:08 AM server.ServerEngine sendAction
INFORMACIÓN: PNTS 3 2
mar 24, 2020 3:18:08 AM server.ServerEngine sendAction
INFORMACIÓN: DICE 0[6, 5, 6, 1, 2]
mar 24, 2020 3:18:08 AM server.ServerEngine sendAction
INFORMACIÓN: TAKE 0[1, 2]
mar 24, 2020 3:18:08 AM server.ServerEngine sendAction
INFORMACIÓN: DICE 0[6, 5, 5, 3, 2]
mar 24, 2020 3:18:08 AM server.ServerEngine sendAction
INFORMACIÓN: TAKE 0[]
mar 24, 2020 3:18:08 AM server.ServerEngine sendAction
INFORMACIÓN: DICE 0[6, 5, 6, 4, 6]
mar 24, 2020 3:18:08 AM server.ServerEngine sendAction
INFORMACIÓN: PNTS 0 12
mar 24, 2020 3:18:08 AM server.ServerEngine sendAction
INFORMACIÓN: WINS 1
mar 24, 2020 3:18:08 AM server.ServerEngine sendAction
INFORMACIÓN: CASH 9
mar 24, 2020 3:18:18 AM server.ServerEngine receiveAction
INFORMACIÓN: EXIT
